# JRE version: Java(TM) SE Runtime Environment (8.0_172-b11) (build 1.8.0_172-b11)
# Java VM: Java HotSpot(TM) 64-Bit Server VM (25.172-b11 mixed mode linux-amd64 compressed oops)
Heap:
 PSYoungGen      total 130560K, used 8172K [0x00000000ec200000, 0x00000000f4a00000, 0x0000000100000000)
  eden space 122368K, 0% used [0x00000000ec200000,0x00000000ec200000,0x00000000f3980000)
  from space 8192K, 99% used [0x00000000f3980000,0x00000000f417b3a0,0x00000000f4180000)
  to   space 7680K, 0% used [0x00000000f4180000,0x00000000f4180000,0x00000000f4900000)
 ParOldGen       total 40960K, used 22794K [0x00000000c4600000, 0x00000000c6e00000, 0x00000000ec200000)
  object space 40960K, 55% used [0x00000000c4600000,0x00000000c5c42a78,0x00000000c6e00000)
 Metaspace       used 20639K, capacity 21168K, committed 21296K, reserved 1069056K
  class space    used 2426K, capacity 2636K, committed 2688K, reserved 1048576K
GC Heap History (10 events):
Event: 0.504 GC heap after
Heap after GC invocations=2 (full 0):
 PSYoungGen      total 33280K, used 2391K [0x00000000ec200000, 0x00000000ee500000, 0x0000000100000000)
  eden space 30720K, 0% used [0x00000000ec200000,0x00000000ec200000,0x00000000ee000000)
  from space 2560K, 93% used [0x00000000ee280000,0x00000000ee4d5dc8,0x00000000ee500000)
  to   space 2560K, 0% used [0x00000000ee000000,0x00000000ee000000,0x00000000ee280000)
 ParOldGen       total 40960K, used 619K [0x00000000c4600000, 0x00000000c6e00000, 0x00000000ec200000)
  object space 40960K, 1% used [0x00000000c4600000,0x00000000c469afb0,0x00000000c6e00000)
 Metaspace       used 7504K, capacity 7650K, committed 7680K, reserved 1056768K
  class space    used 940K, capacity 1017K, committed 1024K, reserved 1048576K
}
Event: 0.929 GC heap before
{Heap before GC invocations=3 (full 0):
 PSYoungGen      total 33280K, used 33111K [0x00000000ec200000, 0x00000000ee500000, 0x0000000100000000)
  eden space 30720K, 100% used [0x00000000ec200000,0x00000000ee000000,0x00000000ee000000)
  from space 2560K, 93% used [0x00000000ee280000,0x00000000ee4d5dc8,0x00000000ee500000)
  to   space 2560K, 0% used [0x00000000ee000000,0x00000000ee000000,0x00000000ee280000)
 ParOldGen       total 40960K, used 619K [0x00000000c4600000, 0x00000000c6e00000, 0x00000000ec200000)
  object space 40960K, 1% used [0x00000000c4600000,0x00000000c469afb0,0x00000000c6e00000)
 Metaspace       used 12438K, capacity 12706K, committed 12928K, reserved 1060864K
  class space    used 1541K, capacity 1652K, committed 1664K, reserved 1048576K
Event: 0.935 GC heap after
Heap after GC invocations=3 (full 0):
 PSYoungGen      total 33280K, used 2528K [0x00000000ec200000, 0x00000000f0300000, 0x0000000100000000)
  eden space 30720K, 0% used [0x00000000ec200000,0x00000000ec200000,0x00000000ee000000)
  from space 2560K, 98% used [0x00000000ee000000,0x00000000ee278020,0x00000000ee280000)
  to   space 2560K, 0% used [0x00000000f0080000,0x00000000f0080000,0x00000000f0300000)
 ParOldGen       total 40960K, used 4389K [0x00000000c4600000, 0x00000000c6e00000, 0x00000000ec200000)
  object space 40960K, 10% used [0x00000000c4600000,0x00000000c4a49760,0x00000000c6e00000)
 Metaspace       used 12438K, capacity 12706K, committed 12928K, reserved 1060864K
  class space    used 1541K, capacity 1652K, committed 1664K, reserved 1048576K
}
Event: 1.500 GC heap before
{Heap before GC invocations=4 (full 0):
 PSYoungGen      total 33280K, used 33248K [0x00000000ec200000, 0x00000000f0300000, 0x0000000100000000)
  eden space 30720K, 100% used [0x00000000ec200000,0x00000000ee000000,0x00000000ee000000)
  from space 2560K, 98% used [0x00000000ee000000,0x00000000ee278020,0x00000000ee280000)
  to   space 2560K, 0% used [0x00000000f0080000,0x00000000f0080000,0x00000000f0300000)
 ParOldGen       total 40960K, used 4389K [0x00000000c4600000, 0x00000000c6e00000, 0x00000000ec200000)
  object space 40960K, 10% used [0x00000000c4600000,0x00000000c4a49760,0x00000000c6e00000)
 Metaspace       used 13502K, capacity 13856K, committed 14080K, reserved 1060864K
  class space    used 1644K, capacity 1758K, committed 1792K, reserved 1048576K
Event: 1.509 GC heap after
Heap after GC invocations=4 (full 0):
 PSYoungGen      total 64000K, used 2560K [0x00000000ec200000, 0x00000000f0300000, 0x0000000100000000)
  eden space 61440K, 0% used [0x00000000ec200000,0x00000000ec200000,0x00000000efe00000)
  from space 2560K, 100% used [0x00000000f0080000,0x00000000f0300000,0x00000000f0300000)
  to   space 2560K, 0% used [0x00000000efe00000,0x00000000efe00000,0x00000000f0080000)
 ParOldGen       total 40960K, used 7352K [0x00000000c4600000, 0x00000000c6e00000, 0x00000000ec200000)
  object space 40960K, 17% used [0x00000000c4600000,0x00000000c4d2e1e8,0x00000000c6e00000)
 Metaspace       used 13502K, capacity 13856K, committed 14080K, reserved 1060864K
  class space    used 1644K, capacity 1758K, committed 1792K, reserved 1048576K
}
Event: 2.285 GC heap before
{Heap before GC invocations=5 (full 0):
 PSYoungGen      total 64000K, used 64000K [0x00000000ec200000, 0x00000000f0300000, 0x0000000100000000)
  eden space 61440K, 100% used [0x00000000ec200000,0x00000000efe00000,0x00000000efe00000)
  from space 2560K, 100% used [0x00000000f0080000,0x00000000f0300000,0x00000000f0300000)
  to   space 2560K, 0% used [0x00000000efe00000,0x00000000efe00000,0x00000000f0080000)
 ParOldGen       total 40960K, used 7352K [0x00000000c4600000, 0x00000000c6e00000, 0x00000000ec200000)
  object space 40960K, 17% used [0x00000000c4600000,0x00000000c4d2e1e8,0x00000000c6e00000)
 Metaspace       used 14333K, capacity 14634K, committed 14976K, reserved 1062912K
  class space    used 1722K, capacity 1801K, committed 1920K, reserved 1048576K
Event: 2.294 GC heap after
Heap after GC invocations=5 (full 0):
 PSYoungGen      total 64000K, used 2528K [0x00000000ec200000, 0x00000000f4900000, 0x0000000100000000)
  eden space 61440K, 0% used [0x00000000ec200000,0x00000000ec200000,0x00000000efe00000)
  from space 2560K, 98% used [0x00000000efe00000,0x00000000f0078020,0x00000000f0080000)
  to   space 7680K, 0% used [0x00000000f4180000,0x00000000f4180000,0x00000000f4900000)
 ParOldGen       total 40960K, used 10435K [0x00000000c4600000, 0x00000000c6e00000, 0x00000000ec200000)
  object space 40960K, 25% used [0x00000000c4600000,0x00000000c5030c78,0x00000000c6e00000)
 Metaspace       used 14333K, capacity 14634K, committed 14976K, reserved 1062912K
  class space    used 1722K, capacity 1801K, committed 1920K, reserved 1048576K
}
Event: 3.104 GC heap before
{Heap before GC invocations=6 (full 0):
 PSYoungGen      total 64000K, used 63968K [0x00000000ec200000, 0x00000000f4900000, 0x0000000100000000)
  eden space 61440K, 100% used [0x00000000ec200000,0x00000000efe00000,0x00000000efe00000)
  from space 2560K, 98% used [0x00000000efe00000,0x00000000f0078020,0x00000000f0080000)
  to   space 7680K, 0% used [0x00000000f4180000,0x00000000f4180000,0x00000000f4900000)
 ParOldGen       total 40960K, used 10435K [0x00000000c4600000, 0x00000000c6e00000, 0x00000000ec200000)
  object space 40960K, 25% used [0x00000000c4600000,0x00000000c5030c78,0x00000000c6e00000)
 Metaspace       used 15322K, capacity 15808K, committed 16128K, reserved 1062912K
  class space    used 1805K, capacity 1978K, committed 2048K, reserved 1048576K
Event: 3.127 GC heap after
Heap after GC invocations=6 (full 0):
 PSYoungGen      total 130048K, used 6259K [0x00000000ec200000, 0x00000000f4a00000, 0x0000000100000000)
  eden space 122368K, 0% used [0x00000000ec200000,0x00000000ec200000,0x00000000f3980000)
  from space 7680K, 81% used [0x00000000f4180000,0x00000000f479cc08,0x00000000f4900000)
  to   space 8192K, 0% used [0x00000000f3980000,0x00000000f3980000,0x00000000f4180000)
 ParOldGen       total 40960K, used 10443K [0x00000000c4600000, 0x00000000c6e00000, 0x00000000ec200000)
  object space 40960K, 25% used [0x00000000c4600000,0x00000000c5032c78,0x00000000c6e00000)
 Metaspace       used 15322K, capacity 15808K, committed 16128K, reserved 1062912K
  class space    used 1805K, capacity 1978K, committed 2048K, reserved 1048576K
}
Event: 5.193 GC heap before
{Heap before GC invocations=7 (full 0):
 PSYoungGen      total 130048K, used 110894K [0x00000000ec200000, 0x00000000f4a00000, 0x0000000100000000)
  eden space 122368K, 85% used [0x00000000ec200000,0x00000000f282eeb0,0x00000000f3980000)
  from space 7680K, 81% used [0x00000000f4180000,0x00000000f479cc08,0x00000000f4900000)
  to   space 8192K, 0% used [0x00000000f3980000,0x00000000f3980000,0x00000000f4180000)
 ParOldGen       total 40960K, used 10443K [0x00000000c4600000, 0x00000000c6e00000, 0x00000000ec200000)
  object space 40960K, 25% used [0x00000000c4600000,0x00000000c5032c78,0x00000000c6e00000)
 Metaspace       used 20639K, capacity 21168K, committed 21296K, reserved 1069056K
  class space    used 2426K, capacity 2636K, committed 2688K, reserved 1048576K

